1758583377: mosquitto version 2.0.22 starting
1758583377: Config loaded from /mosquitto/config/mosquitto.conf.
1758583377: Error: Unable to open pwfile "/mosquitto/config/passwd".
1758583377: Error opening password file "/mosquitto/config/passwd".
1758583378: mosquitto version 2.0.22 starting
1758583378: Config loaded from /mosquitto/config/mosquitto.conf.
1758583378: Error: Unable to open pwfile "/mosquitto/config/passwd".
1758583378: Error opening password file "/mosquitto/config/passwd".
1758583378: mosquitto version 2.0.22 starting
1758583378: Config loaded from /mosquitto/config/mosquitto.conf.
1758583378: Error: Unable to open pwfile "/mosquitto/config/passwd".
1758583378: Error opening password file "/mosquitto/config/passwd".
1758583379: mosquitto version 2.0.22 starting
1758583379: Config loaded from /mosquitto/config/mosquitto.conf.
1758583379: Error: Unable to open pwfile "/mosquitto/config/passwd".
1758583379: Error opening password file "/mosquitto/config/passwd".
1758583380: mosquitto version 2.0.22 starting
1758583380: Config loaded from /mosquitto/config/mosquitto.conf.
1758583380: Error: Unable to open pwfile "/mosquitto/config/passwd".
1758583380: Error opening password file "/mosquitto/config/passwd".
1758583382: mosquitto version 2.0.22 starting
1758583382: Config loaded from /mosquitto/config/mosquitto.conf.
1758583382: Error: Unable to open pwfile "/mosquitto/config/passwd".
1758583382: Error opening password file "/mosquitto/config/passwd".
1758583386: mosquitto version 2.0.22 starting
1758583386: Config loaded from /mosquitto/config/mosquitto.conf.
1758583386: Error: Unable to open pwfile "/mosquitto/config/passwd".
1758583386: Error opening password file "/mosquitto/config/passwd".
1758583393: mosquitto version 2.0.22 starting
1758583393: Config loaded from /mosquitto/config/mosquitto.conf.
1758583393: Error: Unable to open pwfile "/mosquitto/config/passwd".
1758583393: Error opening password file "/mosquitto/config/passwd".
1758583406: mosquitto version 2.0.22 starting
1758583406: Config loaded from /mosquitto/config/mosquitto.conf.
1758583406: Error: Unable to open pwfile "/mosquitto/config/passwd".
1758583406: Error opening password file "/mosquitto/config/passwd".
1758583432: mosquitto version 2.0.22 starting
1758583432: Config loaded from /mosquitto/config/mosquitto.conf.
1758583432: Error: Unable to open pwfile "/mosquitto/config/passwd".
1758583432: Error opening password file "/mosquitto/config/passwd".
1758583444: mosquitto version 2.0.22 starting
1758583444: Config loaded from /mosquitto/config/mosquitto.conf.
1758583444: Error: Unable to open pwfile "/mosquitto/config/passwd".
1758583444: Error opening password file "/mosquitto/config/passwd".
1758583445: mosquitto version 2.0.22 starting
1758583445: Config loaded from /mosquitto/config/mosquitto.conf.
1758583445: Error: Unable to open pwfile "/mosquitto/config/passwd".
1758583445: Error opening password file "/mosquitto/config/passwd".
1758583446: mosquitto version 2.0.22 starting
1758583446: Config loaded from /mosquitto/config/mosquitto.conf.
1758583446: Error: Unable to open pwfile "/mosquitto/config/passwd".
1758583446: Error opening password file "/mosquitto/config/passwd".
1758583447: mosquitto version 2.0.22 starting
1758583447: Config loaded from /mosquitto/config/mosquitto.conf.
1758583447: Error: Unable to open pwfile "/mosquitto/config/passwd".
1758583447: Error opening password file "/mosquitto/config/passwd".
1758583448: mosquitto version 2.0.22 starting
1758583448: Config loaded from /mosquitto/config/mosquitto.conf.
1758583448: Error: Unable to open pwfile "/mosquitto/config/passwd".
1758583448: Error opening password file "/mosquitto/config/passwd".
1758583450: mosquitto version 2.0.22 starting
1758583450: Config loaded from /mosquitto/config/mosquitto.conf.
1758583450: Error: Unable to open pwfile "/mosquitto/config/passwd".
1758583450: Error opening password file "/mosquitto/config/passwd".
1758583450: mosquitto version 2.0.22 starting
1758583450: Config loaded from /mosquitto/config/mosquitto.conf.
1758583450: Error: Unable to open pwfile "/mosquitto/config/passwd".
1758583450: Error opening password file "/mosquitto/config/passwd".
1758583451: mosquitto version 2.0.22 starting
1758583451: Config loaded from /mosquitto/config/mosquitto.conf.
1758583451: Error: Unable to open pwfile "/mosquitto/config/passwd".
1758583451: Error opening password file "/mosquitto/config/passwd".
1758583452: mosquitto version 2.0.22 starting
1758583452: Config loaded from /mosquitto/config/mosquitto.conf.
1758583452: Error: Unable to open pwfile "/mosquitto/config/passwd".
1758583452: Error opening password file "/mosquitto/config/passwd".
1758583453: mosquitto version 2.0.22 starting
1758583453: Config loaded from /mosquitto/config/mosquitto.conf.
1758583453: Error: Unable to open pwfile "/mosquitto/config/passwd".
1758583453: Error opening password file "/mosquitto/config/passwd".
1758583454: mosquitto version 2.0.22 starting
1758583454: Config loaded from /mosquitto/config/mosquitto.conf.
1758583454: Error: Unable to open pwfile "/mosquitto/config/passwd".
1758583454: Error opening password file "/mosquitto/config/passwd".
1758583456: mosquitto version 2.0.22 starting
1758583456: Config loaded from /mosquitto/config/mosquitto.conf.
1758583456: Error: Unable to open pwfile "/mosquitto/config/passwd".
1758583456: Error opening password file "/mosquitto/config/passwd".
1758583459: mosquitto version 2.0.22 starting
1758583459: Config loaded from /mosquitto/config/mosquitto.conf.
1758583459: Error: Unable to open pwfile "/mosquitto/config/passwd".
1758583459: Error opening password file "/mosquitto/config/passwd".
1758583466: mosquitto version 2.0.22 starting
1758583466: Config loaded from /mosquitto/config/mosquitto.conf.
1758583466: Error: Unable to open pwfile "/mosquitto/config/passwd".
1758583466: Error opening password file "/mosquitto/config/passwd".
1758583479: mosquitto version 2.0.22 starting
1758583479: Config loaded from /mosquitto/config/mosquitto.conf.
1758583479: Error: Unable to open pwfile "/mosquitto/config/passwd".
1758583479: Error opening password file "/mosquitto/config/passwd".
1758583505: mosquitto version 2.0.22 starting
1758583505: Config loaded from /mosquitto/config/mosquitto.conf.
1758583505: Error: Unable to open pwfile "/mosquitto/config/passwd".
1758583505: Error opening password file "/mosquitto/config/passwd".
1758583527: mosquitto version 2.0.22 starting
1758583527: Config loaded from /mosquitto/config/mosquitto.conf.
1758583527: Error: Unable to open pwfile "/mosquitto/config/passwd".
1758583527: Error opening password file "/mosquitto/config/passwd".
1758583527: mosquitto version 2.0.22 starting
1758583527: Config loaded from /mosquitto/config/mosquitto.conf.
1758583527: Error: Unable to open pwfile "/mosquitto/config/passwd".
1758583527: Error opening password file "/mosquitto/config/passwd".
1758583528: mosquitto version 2.0.22 starting
1758583528: Config loaded from /mosquitto/config/mosquitto.conf.
1758583528: Error: Unable to open pwfile "/mosquitto/config/passwd".
1758583528: Error opening password file "/mosquitto/config/passwd".
1758583529: mosquitto version 2.0.22 starting
1758583529: Config loaded from /mosquitto/config/mosquitto.conf.
1758583529: Error: Unable to open pwfile "/mosquitto/config/passwd".
1758583529: Error opening password file "/mosquitto/config/passwd".
1758583530: mosquitto version 2.0.22 starting
1758583530: Config loaded from /mosquitto/config/mosquitto.conf.
1758583530: Error: Unable to open pwfile "/mosquitto/config/passwd".
1758583530: Error opening password file "/mosquitto/config/passwd".
1758583532: mosquitto version 2.0.22 starting
1758583532: Config loaded from /mosquitto/config/mosquitto.conf.
1758583532: Error: Unable to open pwfile "/mosquitto/config/passwd".
1758583532: Error opening password file "/mosquitto/config/passwd".
1758583536: mosquitto version 2.0.22 starting
1758583536: Config loaded from /mosquitto/config/mosquitto.conf.
1758583536: Error: Unable to open pwfile "/mosquitto/config/passwd".
1758583536: Error opening password file "/mosquitto/config/passwd".
1758583542: mosquitto version 2.0.22 starting
1758583542: Config loaded from /mosquitto/config/mosquitto.conf.
1758583542: Error: Unable to open pwfile "/mosquitto/config/passwd".
1758583542: Error opening password file "/mosquitto/config/passwd".
1758583556: mosquitto version 2.0.22 starting
1758583556: Config loaded from /mosquitto/config/mosquitto.conf.
1758583556: Error: Unable to open pwfile "/mosquitto/config/passwd".
1758583556: Error opening password file "/mosquitto/config/passwd".
1758583581: mosquitto version 2.0.22 starting
1758583581: Config loaded from /mosquitto/config/mosquitto.conf.
1758583581: Error: Unable to open pwfile "/mosquitto/config/passwd".
1758583581: Error opening password file "/mosquitto/config/passwd".
1758583633: mosquitto version 2.0.22 starting
1758583633: Config loaded from /mosquitto/config/mosquitto.conf.
1758583633: Error: Unable to open pwfile "/mosquitto/config/passwd".
1758583633: Error opening password file "/mosquitto/config/passwd".
1758583677: mosquitto version 2.0.22 starting
1758583677: Config loaded from /mosquitto/config/mosquitto.conf.
1758583677: Error: Unable to open pwfile "/mosquitto/config/passwd".
1758583677: Error opening password file "/mosquitto/config/passwd".
1758583678: mosquitto version 2.0.22 starting
1758583678: Config loaded from /mosquitto/config/mosquitto.conf.
1758583678: Error: Unable to open pwfile "/mosquitto/config/passwd".
1758583678: Error opening password file "/mosquitto/config/passwd".
1758583679: mosquitto version 2.0.22 starting
1758583679: Config loaded from /mosquitto/config/mosquitto.conf.
1758583679: Error: Unable to open pwfile "/mosquitto/config/passwd".
1758583679: Error opening password file "/mosquitto/config/passwd".
1758583680: mosquitto version 2.0.22 starting
1758583680: Config loaded from /mosquitto/config/mosquitto.conf.
1758583680: Error: Unable to open pwfile "/mosquitto/config/passwd".
1758583680: Error opening password file "/mosquitto/config/passwd".
1758583681: mosquitto version 2.0.22 starting
1758583681: Config loaded from /mosquitto/config/mosquitto.conf.
1758583681: Error: Unable to open pwfile "/mosquitto/config/passwd".
1758583681: Error opening password file "/mosquitto/config/passwd".
1758583683: mosquitto version 2.0.22 starting
1758583683: Config loaded from /mosquitto/config/mosquitto.conf.
1758583683: Error: Unable to open pwfile "/mosquitto/config/passwd".
1758583683: Error opening password file "/mosquitto/config/passwd".
1758583686: mosquitto version 2.0.22 starting
1758583686: Config loaded from /mosquitto/config/mosquitto.conf.
1758583686: Error: Unable to open pwfile "/mosquitto/config/passwd".
1758583686: Error opening password file "/mosquitto/config/passwd".
1758583706: mosquitto version 2.0.22 starting
1758583706: Config loaded from /mosquitto/config/mosquitto.conf.
1758583706: Error: Unable to open pwfile "/mosquitto/config/passwd".
1758583706: Error opening password file "/mosquitto/config/passwd".
1758583732: mosquitto version 2.0.22 starting
1758583732: Config loaded from /mosquitto/config/mosquitto.conf.
1758583732: Error: Unable to open pwfile "/mosquitto/config/passwd".
1758583732: Error opening password file "/mosquitto/config/passwd".
1758583784: mosquitto version 2.0.22 starting
1758583784: Config loaded from /mosquitto/config/mosquitto.conf.
1758583784: Error: Unable to open pwfile "/mosquitto/config/passwd".
1758583784: Error opening password file "/mosquitto/config/passwd".
1758583844: mosquitto version 2.0.22 starting
1758583844: Config loaded from /mosquitto/config/mosquitto.conf.
1758583844: Error: Unable to open pwfile "/mosquitto/config/passwd".
1758583844: Error opening password file "/mosquitto/config/passwd".
1758583904: mosquitto version 2.0.22 starting
1758583904: Config loaded from /mosquitto/config/mosquitto.conf.
1758583904: Error: Unable to open pwfile "/mosquitto/config/passwd".
1758583904: Error opening password file "/mosquitto/config/passwd".
1758583965: mosquitto version 2.0.22 starting
1758583965: Config loaded from /mosquitto/config/mosquitto.conf.
1758583965: Error: Unable to open pwfile "/mosquitto/config/passwd".
1758583965: Error opening password file "/mosquitto/config/passwd".
1758583966: mosquitto version 2.0.22 starting
1758583966: Config loaded from /mosquitto/config/mosquitto.conf.
1758583966: Error: Unable to open pwfile "/mosquitto/config/passwd".
1758583966: Error opening password file "/mosquitto/config/passwd".
1758583967: mosquitto version 2.0.22 starting
1758583967: Config loaded from /mosquitto/config/mosquitto.conf.
1758583967: Error: Unable to open pwfile "/mosquitto/config/passwd".
1758583967: Error opening password file "/mosquitto/config/passwd".
1758583968: mosquitto version 2.0.22 starting
1758583968: Config loaded from /mosquitto/config/mosquitto.conf.
1758583968: Error: Unable to open pwfile "/mosquitto/config/passwd".
1758583968: Error opening password file "/mosquitto/config/passwd".
1758583969: mosquitto version 2.0.22 starting
1758583969: Config loaded from /mosquitto/config/mosquitto.conf.
1758583969: Error: Unable to open pwfile "/mosquitto/config/passwd".
1758583969: Error opening password file "/mosquitto/config/passwd".
1758583971: mosquitto version 2.0.22 starting
1758583971: Config loaded from /mosquitto/config/mosquitto.conf.
1758583971: Error: Unable to open pwfile "/mosquitto/config/passwd".
1758583971: Error opening password file "/mosquitto/config/passwd".
1758583974: mosquitto version 2.0.22 starting
1758583974: Config loaded from /mosquitto/config/mosquitto.conf.
1758583974: Error: Unable to open pwfile "/mosquitto/config/passwd".
1758583974: Error opening password file "/mosquitto/config/passwd".
1758583981: mosquitto version 2.0.22 starting
1758583981: Config loaded from /mosquitto/config/mosquitto.conf.
1758583981: Error: Unable to open pwfile "/mosquitto/config/passwd".
1758583981: Error opening password file "/mosquitto/config/passwd".
1758583994: mosquitto version 2.0.22 starting
1758583994: Config loaded from /mosquitto/config/mosquitto.conf.
1758583994: Error: Unable to open pwfile "/mosquitto/config/passwd".
1758583994: Error opening password file "/mosquitto/config/passwd".
1758584020: mosquitto version 2.0.22 starting
1758584020: Config loaded from /mosquitto/config/mosquitto.conf.
1758584020: Warning: File /mosquitto/config/passwd has world readable permissions. Future versions will refuse to load this file.
To fix this, use `chmod 0700 /mosquitto/config/passwd`.
1758584020: Opening ipv4 listen socket on port 1883.
1758584020: Opening websockets listen socket on port 9001.
1758584020: mosquitto version 2.0.22 running
1758585270: New connection from 172.18.0.4:53896 on port 1883.
1758585270: Client nodered22806d790f6de1db disconnected, not authorised.
1758585285: New connection from 172.18.0.4:38700 on port 1883.
1758585285: Client nodered22806d790f6de1db disconnected, not authorised.
1758585300: New connection from 172.18.0.4:35830 on port 1883.
1758585300: Client nodered22806d790f6de1db disconnected, not authorised.
1758585315: New connection from 172.18.0.4:56720 on port 1883.
1758585315: Client nodered22806d790f6de1db disconnected, not authorised.
1758585321: New connection from 172.18.0.4:38642 on port 1883.
1758585321: Client noderedcb04013ef905c352 disconnected, not authorised.
1758585336: New connection from 172.18.0.4:34514 on port 1883.
1758585336: Client noderedcb04013ef905c352 disconnected, not authorised.
1758585351: New connection from 172.18.0.4:58688 on port 1883.
1758585351: Client noderedcb04013ef905c352 disconnected, not authorised.
1758585366: New connection from 172.18.0.4:56196 on port 1883.
1758585366: Client noderedcb04013ef905c352 disconnected, not authorised.
1758585381: New connection from 172.18.0.4:42634 on port 1883.
1758585381: Client noderedcb04013ef905c352 disconnected, not authorised.
1758585396: New connection from 172.18.0.4:44472 on port 1883.
1758585396: Client noderedcb04013ef905c352 disconnected, not authorised.
1758585411: New connection from 172.18.0.4:54182 on port 1883.
1758585411: Client noderedcb04013ef905c352 disconnected, not authorised.
1758585426: New connection from 172.18.0.4:52930 on port 1883.
1758585426: Client noderedcb04013ef905c352 disconnected, not authorised.
1758585441: New connection from 172.18.0.4:48532 on port 1883.
1758585441: Client noderedcb04013ef905c352 disconnected, not authorised.
1758585456: New connection from 172.18.0.4:54948 on port 1883.
1758585456: Client noderedcb04013ef905c352 disconnected, not authorised.
1758585471: New connection from 172.18.0.4:58242 on port 1883.
1758585471: Client noderedcb04013ef905c352 disconnected, not authorised.
1758585486: New connection from 172.18.0.4:55258 on port 1883.
1758585486: Client noderedcb04013ef905c352 disconnected, not authorised.
1758585501: New connection from 172.18.0.4:40866 on port 1883.
1758585501: Client noderedcb04013ef905c352 disconnected, not authorised.
1758585516: New connection from 172.18.0.4:44424 on port 1883.
1758585516: Client noderedcb04013ef905c352 disconnected, not authorised.
1758585531: New connection from 172.18.0.4:42572 on port 1883.
1758585531: Client noderedcb04013ef905c352 disconnected, not authorised.
1758585546: New connection from 172.18.0.4:44532 on port 1883.
1758585546: Client noderedcb04013ef905c352 disconnected, not authorised.
1758585561: New connection from 172.18.0.4:49782 on port 1883.
1758585561: Client noderedcb04013ef905c352 disconnected, not authorised.
1758585576: New connection from 172.18.0.4:48220 on port 1883.
1758585576: Client noderedcb04013ef905c352 disconnected, not authorised.
1758585591: New connection from 172.18.0.4:49534 on port 1883.
1758585591: Client noderedcb04013ef905c352 disconnected, not authorised.
1758585606: New connection from 172.18.0.4:49936 on port 1883.
1758585606: Client noderedcb04013ef905c352 disconnected, not authorised.
1758585614: mosquitto version 2.0.22 terminating
1758585614: Saving in-memory database to /mosquitto/data//mosquitto.db.
1758585620: mosquitto version 2.0.22 starting
1758585620: Config loaded from /mosquitto/config/mosquitto.conf.
1758585620: Warning: File /mosquitto/config/passwd has world readable permissions. Future versions will refuse to load this file.
To fix this, use `chmod 0700 /mosquitto/config/passwd`.
1758585620: Opening ipv4 listen socket on port 1883.
1758585620: Opening websockets listen socket on port 9001.
1758585620: mosquitto version 2.0.22 running
1758585622: New connection from 172.18.0.4:35334 on port 1883.
1758585622: New client connected from 172.18.0.4:35334 as nodered2ce57107d40180fc (p2, c1, k60, u'aluno').
1758585787: New client connected from 172.18.0.1:59632 as pub-a0ce94321b40b (p2, c1, k60, u'aluno').
1758585792: New client connected from 172.18.0.1:35274 as sub-69b7f25aca6238 (p2, c1, k60, u'aluno').
1758586075: Client nodered2ce57107d40180fc disconnected.
1758586075: New connection from 172.18.0.4:50406 on port 1883.
1758586075: New client connected from 172.18.0.4:50406 as nodered4b9462a57909e483 (p2, c1, k60, u'aluno').
1758586545: Client nodered4b9462a57909e483 disconnected.
1758586545: New connection from 172.18.0.4:58144 on port 1883.
1758586545: New client connected from 172.18.0.4:58144 as nodered1563d0f03cc27f9e (p2, c1, k60, u'aluno').
1758586845: Client nodered1563d0f03cc27f9e disconnected.
1758586845: mosquitto version 2.0.22 terminating
1758586845: Saving in-memory database to /mosquitto/data//mosquitto.db.
1758586845: Client sub-69b7f25aca6238 closed its connection.
1758586845: Client pub-a0ce94321b40b closed its connection.
1758586849: mosquitto version 2.0.22 starting
1758586849: Config loaded from /mosquitto/config/mosquitto.conf.
1758586849: Warning: File /mosquitto/config/passwd has world readable permissions. Future versions will refuse to load this file.
To fix this, use `chmod 0700 /mosquitto/config/passwd`.
1758586849: Opening ipv4 listen socket on port 1883.
1758586849: Opening websockets listen socket on port 9001.
1758586849: mosquitto version 2.0.22 running
1758586850: New client connected from 172.18.0.1:36934 as sub-69b7f25aca6238 (p2, c1, k60, u'aluno').
1758586850: New client connected from 172.18.0.1:36942 as pub-a0ce94321b40b (p2, c1, k60, u'aluno').
1758586859: New connection from 172.18.0.4:53498 on port 1883.
1758586859: New client connected from 172.18.0.4:53498 as noderedfc44114530cf56d9 (p2, c1, k60, u'aluno').
1758587011: Client noderedfc44114530cf56d9 disconnected.
1758587011: mosquitto version 2.0.22 terminating
1758587011: Saving in-memory database to /mosquitto/data//mosquitto.db.
1758587011: Client pub-a0ce94321b40b closed its connection.
1758587011: Client sub-69b7f25aca6238 closed its connection.
1758587030: mosquitto version 2.0.22 starting
1758587030: Config loaded from /mosquitto/config/mosquitto.conf.
1758587030: Warning: File /mosquitto/config/passwd has world readable permissions. Future versions will refuse to load this file.
To fix this, use `chmod 0700 /mosquitto/config/passwd`.
1758587030: Opening ipv4 listen socket on port 1883.
1758587030: Opening websockets listen socket on port 9001.
1758587030: mosquitto version 2.0.22 running
1758587030: New client connected from 172.18.0.1:36580 as sub-69b7f25aca6238 (p2, c1, k60, u'aluno').
1758587030: New client connected from 172.18.0.1:36594 as pub-a0ce94321b40b (p2, c1, k60, u'aluno').
1758587040: New connection from 172.18.0.4:42614 on port 1883.
1758587040: New client connected from 172.18.0.4:42614 as nodereddeeb8ea7368ef654 (p2, c1, k60, u'aluno').
1758587210: Client nodereddeeb8ea7368ef654 disconnected.
1758587210: mosquitto version 2.0.22 terminating
1758587210: Saving in-memory database to /mosquitto/data//mosquitto.db.
1758587210: Client pub-a0ce94321b40b closed its connection.
1758587210: Client sub-69b7f25aca6238 closed its connection.
1758587216: mosquitto version 2.0.22 starting
1758587216: Config loaded from /mosquitto/config/mosquitto.conf.
1758587216: Warning: File /mosquitto/config/passwd has world readable permissions. Future versions will refuse to load this file.
To fix this, use `chmod 0700 /mosquitto/config/passwd`.
1758587216: Opening ipv4 listen socket on port 1883.
1758587216: Opening websockets listen socket on port 9001.
1758587216: mosquitto version 2.0.22 running
1758587216: New client connected from 172.18.0.1:34506 as sub-69b7f25aca6238 (p2, c1, k60, u'aluno').
1758587216: New client connected from 172.18.0.1:34520 as pub-a0ce94321b40b (p2, c1, k60, u'aluno').
1758587223: New connection from 172.18.0.4:50180 on port 1883.
1758587223: New client connected from 172.18.0.4:50180 as nodered12e1513d0243d575 (p2, c1, k60, u'aluno').
1758587374: Client nodered12e1513d0243d575 disconnected.
1758587375: mosquitto version 2.0.22 terminating
1758587375: Saving in-memory database to /mosquitto/data//mosquitto.db.
1758587375: Client pub-a0ce94321b40b closed its connection.
1758587375: Client sub-69b7f25aca6238 closed its connection.
1758587411: mosquitto version 2.0.22 starting
1758587411: Config loaded from /mosquitto/config/mosquitto.conf.
1758587411: Warning: File /mosquitto/config/passwd has world readable permissions. Future versions will refuse to load this file.
To fix this, use `chmod 0700 /mosquitto/config/passwd`.
1758587411: Opening ipv4 listen socket on port 1883.
1758587411: Opening websockets listen socket on port 9001.
1758587411: mosquitto version 2.0.22 running
1758587411: New client connected from 172.18.0.1:37358 as pub-a0ce94321b40b (p2, c1, k60, u'aluno').
1758587411: New client connected from 172.18.0.1:37372 as sub-69b7f25aca6238 (p2, c1, k60, u'aluno').
1758587419: New connection from 172.18.0.4:54020 on port 1883.
1758587419: New client connected from 172.18.0.4:54020 as nodereddd4f153b1f91a266 (p2, c1, k60, u'aluno').
1758587524: Client nodereddd4f153b1f91a266 disconnected.
1758587525: mosquitto version 2.0.22 terminating
1758587525: Saving in-memory database to /mosquitto/data//mosquitto.db.
1758587525: Client sub-69b7f25aca6238 closed its connection.
1758587525: Client pub-a0ce94321b40b closed its connection.
1758587529: mosquitto version 2.0.22 starting
1758587529: Config loaded from /mosquitto/config/mosquitto.conf.
1758587529: Warning: File /mosquitto/config/passwd has world readable permissions. Future versions will refuse to load this file.
To fix this, use `chmod 0700 /mosquitto/config/passwd`.
1758587529: Opening ipv4 listen socket on port 1883.
1758587529: Opening websockets listen socket on port 9001.
1758587529: mosquitto version 2.0.22 running
1758587529: New client connected from 172.18.0.1:34500 as sub-69b7f25aca6238 (p2, c1, k60, u'aluno').
1758587530: New client connected from 172.18.0.1:34512 as pub-a0ce94321b40b (p2, c1, k60, u'aluno').
1758587540: New connection from 172.18.0.4:57636 on port 1883.
1758587540: New client connected from 172.18.0.4:57636 as nodered37b2ad40e3eb5895 (p2, c1, k60, u'aluno').
1758587612: Client nodered37b2ad40e3eb5895 disconnected.
1758587613: mosquitto version 2.0.22 terminating
1758587613: Saving in-memory database to /mosquitto/data//mosquitto.db.
1758587613: Client pub-a0ce94321b40b closed its connection.
1758587613: Client sub-69b7f25aca6238 closed its connection.
1758587683: mosquitto version 2.0.22 starting
1758587683: Config loaded from /mosquitto/config/mosquitto.conf.
1758587683: Warning: File /mosquitto/config/passwd has world readable permissions. Future versions will refuse to load this file.
To fix this, use `chmod 0700 /mosquitto/config/passwd`.
1758587683: Opening ipv4 listen socket on port 1883.
1758587683: Opening websockets listen socket on port 9001.
1758587683: mosquitto version 2.0.22 running
1758587683: New client connected from 172.18.0.1:46626 as pub-a0ce94321b40b (p2, c1, k60, u'aluno').
1758587684: New client connected from 172.18.0.1:46634 as sub-69b7f25aca6238 (p2, c1, k60, u'aluno').
1758587692: New connection from 172.18.0.4:38054 on port 1883.
1758587692: New client connected from 172.18.0.4:38054 as nodered8c24aa316c805292 (p2, c1, k60, u'aluno').
1758588374: Client nodered8c24aa316c805292 disconnected.
1758588374: mosquitto version 2.0.22 terminating
1758588374: Saving in-memory database to /mosquitto/data//mosquitto.db.
1758588374: Client sub-69b7f25aca6238 closed its connection.
1758588374: Client pub-a0ce94321b40b closed its connection.
